#
# There is insufficient memory for the Java Runtime Environment to continue.
# Native memory allocation (mmap) failed to map 268435456 bytes for G1 virtual space
# Possible reasons:
#   The system is out of physical RAM or swap space
#   The process is running with CompressedOops enabled, and the Java Heap may be blocking the growth of the native heap
# Possible solutions:
#   Reduce memory load on the system
#   Increase physical memory or swap space
#   Check if swap backing store is full
#   Decrease Java heap size (-Xmx/-Xms)
#   Decrease number of Java threads
#   Decrease Java thread stack sizes (-Xss)
#   Set larger code cache with -XX:ReservedCodeCacheSize=
#   JVM is running with Zero Based Compressed Oops mode in which the Java heap is
#     placed in the first 32GB address space. The Java Heap base address is the
#     maximum limit for the native heap growth. Please use -XX:HeapBaseMinAddress
#     to set the Java Heap base and to place the Java Heap above 32GB virtual address.
# This output file may be truncated or incomplete.
#
#  Out of Memory Error (os_windows.cpp:3557), pid=18088, tid=11268
#
# JRE version:  (17.0.6+10) (build )
# Java VM: OpenJDK 64-Bit Server VM (17.0.6+10, mixed mode, emulated-client, sharing, tiered, compressed oops, compressed class ptrs, g1 gc, windows-amd64)
# No core dump will be written. Minidumps are not enabled by default on client versions of Windows
#

---------------  S U M M A R Y ------------

Command Line: -Dcom.sun.management.jmxremote -Dcom.sun.management.jmxremote.port=59925 -Dcom.sun.management.jmxremote.authenticate=false -Dcom.sun.management.jmxremote.ssl=false -Djava.rmi.server.hostname=localhost -Dspring.jmx.enabled=true -Dmanagement.endpoints.jmx.exposure.include=* -Dspring.application.admin.enabled=true -XX:TieredStopAtLevel=1 -Dspring.boot.project.name=Library -Dfile.encoding=UTF-8 -XX:+ShowCodeDetailsInExceptionMessages com.training.library.LibraryApplication --spring.output.ansi.enabled=always

Host: Intel(R) Core(TM) i5-4460  CPU @ 3.20GHz, 4 cores, 15G,  Windows 11 , 64 bit Build 22000 (10.0.22000.120)
Time: Mon Sep  4 12:12:11 2023 India Standard Time elapsed time: 0.275948 seconds (0d 0h 0m 0s)

---------------  T H R E A D  ---------------

Current thread (0x000001fff1e81770):  JavaThread "Unknown thread" [_thread_in_vm, id=11268, stack(0x000000a30a200000,0x000000a30a300000)]

Stack: [0x000000a30a200000,0x000000a30a300000]
Native frames: (J=compiled Java code, j=interpreted, Vv=VM code, C=native code)
V  [jvm.dll+0x67741a]
V  [jvm.dll+0x834434]
V  [jvm.dll+0x835bde]
V  [jvm.dll+0x836243]
V  [jvm.dll+0x2457b5]
V  [jvm.dll+0x674329]
V  [jvm.dll+0x6689da]
V  [jvm.dll+0x30489b]
V  [jvm.dll+0x30bd96]
V  [jvm.dll+0x35b57e]
V  [jvm.dll+0x35b7af]
V  [jvm.dll+0x2db778]
V  [jvm.dll+0x2dc6e4]
V  [jvm.dll+0x806131]
V  [jvm.dll+0x369331]
V  [jvm.dll+0x7e56ac]
V  [jvm.dll+0x3eb35f]
V  [jvm.dll+0x3ecea1]
C  [jli.dll+0x5267]
C  [ucrtbase.dll+0x26c0c]
C  [KERNEL32.DLL+0x154e0]
C  [ntdll.dll+0x485b]


---------------  P R O C E S S  ---------------

Threads class SMR info:
_java_thread_list=0x00007fffcf6b5fd8, length=0, elements={
}

Java Threads: ( => current thread )

Other Threads:
  0x000001fff1eeb4b0 GCTaskThread "GC Thread#0" [stack: 0x000000a30a300000,0x000000a30a400000] [id=14448]
  0x000001fff1efca10 ConcurrentGCThread "G1 Main Marker" [stack: 0x000000a30a400000,0x000000a30a500000] [id=10836]
  0x000001fff1efe430 ConcurrentGCThread "G1 Conc#0" [stack: 0x000000a30a500000,0x000000a30a600000] [id=18488]

[error occurred during error reporting (printing all threads), id 0xc0000005, EXCEPTION_ACCESS_VIOLATION (0xc0000005) at pc=0x00007fffcee8c1e7]

VM state: not at safepoint (not fully initialized)

VM Mutex/Monitor currently owned by a thread:  ([mutex/lock_event])
[0x000001fff1e7aee0] Heap_lock - owner thread: 0x000001fff1e81770

Heap address: 0x0000000701800000, size: 4072 MB, Compressed Oops mode: Zero based, Oop shift amount: 3

CDS archive(s) mapped at: [0x0000000000000000-0x0000000000000000-0x0000000000000000), size 0, SharedBaseAddress: 0x0000000800000000, ArchiveRelocationMode: 0.
Narrow klass base: 0x0000000000000000, Narrow klass shift: 0, Narrow klass range: 0x0

GC Precious Log:
<Empty>

Heap:
 garbage-first heap   total 0K, used 0K [0x0000000701800000, 0x0000000800000000)
  region size 2048K, 0 young (0K), 0 survivors (0K)

[error occurred during error reporting (printing heap information), id 0xc0000005, EXCEPTION_ACCESS_VIOLATION (0xc0000005) at pc=0x00007fffcf2706f9]

GC Heap History (0 events):
No events

Dll operation events (1 events):
Event: 0.006 Loaded shared library D:\sts-4.17.2.RELEASE\plugins\org.eclipse.justj.openjdk.hotspot.jre.full.win32.x86_64_17.0.6.v20230125-1136\jre\bin\java.dll

Deoptimization events (0 events):
No events

Classes unloaded (0 events):
No events

Classes redefined (0 events):
No events

Internal exceptions (0 events):
No events

VM Operations (0 events):
No events

Events (0 events):
No events


Dynamic libraries:
0x00007ff6f2670000 - 0x00007ff6f267e000 	D:\sts-4.17.2.RELEASE\plugins\org.eclipse.justj.openjdk.hotspot.jre.full.win32.x86_64_17.0.6.v20230125-1136\jre\bin\javaw.exe
0x00007ff80d2c0000 - 0x00007ff80d4c7000 	C:\WINDOWS\SYSTEM32\ntdll.dll
0x00007ff80c890000 - 0x00007ff80c94d000 	C:\WINDOWS\System32\KERNEL32.DLL
0x00007ff80ac80000 - 0x00007ff80aff4000 	C:\WINDOWS\System32\KERNELBASE.dll
0x00007ff80a7a0000 - 0x00007ff80a8b1000 	C:\WINDOWS\System32\ucrtbase.dll
0x00007ffff8eb0000 - 0x00007ffff8ec7000 	D:\sts-4.17.2.RELEASE\plugins\org.eclipse.justj.openjdk.hotspot.jre.full.win32.x86_64_17.0.6.v20230125-1136\jre\bin\jli.dll
0x00007ffff5ea0000 - 0x00007ffff5eb9000 	D:\sts-4.17.2.RELEASE\plugins\org.eclipse.justj.openjdk.hotspot.jre.full.win32.x86_64_17.0.6.v20230125-1136\jre\bin\VCRUNTIME140.dll
0x00007ff80bec0000 - 0x00007ff80c06c000 	C:\WINDOWS\System32\USER32.dll
0x00007ff80b0a0000 - 0x00007ff80b0c6000 	C:\WINDOWS\System32\win32u.dll
0x00007fffe3650000 - 0x00007fffe38f5000 	C:\WINDOWS\WinSxS\amd64_microsoft.windows.common-controls_6595b64144ccf1df_6.0.22000.120_none_9d947278b86cc467\COMCTL32.dll
0x00007ff80bc00000 - 0x00007ff80bc29000 	C:\WINDOWS\System32\GDI32.dll
0x00007ff80cfc0000 - 0x00007ff80d063000 	C:\WINDOWS\System32\msvcrt.dll
0x00007ff80a8c0000 - 0x00007ff80a9d2000 	C:\WINDOWS\System32\gdi32full.dll
0x00007ff80b000000 - 0x00007ff80b09d000 	C:\WINDOWS\System32\msvcp_win.dll
0x00007ff80b160000 - 0x00007ff80b191000 	C:\WINDOWS\System32\IMM32.DLL
0x00007ffffaac0000 - 0x00007ffffaacc000 	D:\sts-4.17.2.RELEASE\plugins\org.eclipse.justj.openjdk.hotspot.jre.full.win32.x86_64_17.0.6.v20230125-1136\jre\bin\vcruntime140_1.dll
0x00007fffee3d0000 - 0x00007fffee461000 	D:\sts-4.17.2.RELEASE\plugins\org.eclipse.justj.openjdk.hotspot.jre.full.win32.x86_64_17.0.6.v20230125-1136\jre\bin\msvcp140.dll
0x00007fffceba0000 - 0x00007fffcf7e7000 	D:\sts-4.17.2.RELEASE\plugins\org.eclipse.justj.openjdk.hotspot.jre.full.win32.x86_64_17.0.6.v20230125-1136\jre\bin\server\jvm.dll
0x00007ff80bad0000 - 0x00007ff80bb7c000 	C:\WINDOWS\System32\ADVAPI32.dll
0x00007ff80cf20000 - 0x00007ff80cfbd000 	C:\WINDOWS\System32\sechost.dll
0x00007ff80d150000 - 0x00007ff80d271000 	C:\WINDOWS\System32\RPCRT4.dll
0x00007ff8079b0000 - 0x00007ff8079b9000 	C:\WINDOWS\SYSTEM32\WSOCK32.dll
0x00007ffffd5b0000 - 0x00007ffffd5e3000 	C:\WINDOWS\SYSTEM32\WINMM.dll
0x00007ff80c070000 - 0x00007ff80c0df000 	C:\WINDOWS\System32\WS2_32.dll
0x00007fffff2c0000 - 0x00007fffff2ca000 	C:\WINDOWS\SYSTEM32\VERSION.dll
0x00007ff8098d0000 - 0x00007ff8098e8000 	C:\WINDOWS\SYSTEM32\kernel.appcore.dll
0x00007ff8079a0000 - 0x00007ff8079aa000 	D:\sts-4.17.2.RELEASE\plugins\org.eclipse.justj.openjdk.hotspot.jre.full.win32.x86_64_17.0.6.v20230125-1136\jre\bin\jimage.dll
0x00007ffff90d0000 - 0x00007ffff92f1000 	C:\WINDOWS\SYSTEM32\DBGHELP.DLL
0x00007ffff8e10000 - 0x00007ffff8e41000 	C:\WINDOWS\SYSTEM32\dbgcore.DLL
0x00007ff80b0d0000 - 0x00007ff80b150000 	C:\WINDOWS\System32\bcryptPrimitives.dll
0x00007ff806750000 - 0x00007ff806775000 	D:\sts-4.17.2.RELEASE\plugins\org.eclipse.justj.openjdk.hotspot.jre.full.win32.x86_64_17.0.6.v20230125-1136\jre\bin\java.dll

dbghelp: loaded successfully - version: 4.0.5 - missing functions: none
symbol engine: initialized successfully - sym options: 0x614 - pdb path: .;D:\sts-4.17.2.RELEASE\plugins\org.eclipse.justj.openjdk.hotspot.jre.full.win32.x86_64_17.0.6.v20230125-1136\jre\bin;C:\WINDOWS\SYSTEM32;C:\WINDOWS\WinSxS\amd64_microsoft.windows.common-controls_6595b64144ccf1df_6.0.22000.120_none_9d947278b86cc467;D:\sts-4.17.2.RELEASE\plugins\org.eclipse.justj.openjdk.hotspot.jre.full.win32.x86_64_17.0.6.v20230125-1136\jre\bin\server

VM Arguments:
jvm_args: -Dcom.sun.management.jmxremote -Dcom.sun.management.jmxremote.port=59925 -Dcom.sun.management.jmxremote.authenticate=false -Dcom.sun.management.jmxremote.ssl=false -Djava.rmi.server.hostname=localhost -Dspring.jmx.enabled=true -Dmanagement.endpoints.jmx.exposure.include=* -Dspring.application.admin.enabled=true -XX:TieredStopAtLevel=1 -Dspring.boot.project.name=Library -Dfile.encoding=UTF-8 -XX:+ShowCodeDetailsInExceptionMessages 
java_command: com.training.library.LibraryApplication --spring.output.ansi.enabled=always
java_class_path (initial): D:\Project New\Library\target\classes;C:\Users\pca181\.m2\repository\org\springframework\boot\spring-boot-starter-data-jpa\3.1.2\spring-boot-starter-data-jpa-3.1.2.jar;C:\Users\pca181\.m2\repository\org\springframework\boot\spring-boot-starter-aop\3.1.2\spring-boot-starter-aop-3.1.2.jar;C:\Users\pca181\.m2\repository\org\aspectj\aspectjweaver\1.9.19\aspectjweaver-1.9.19.jar;C:\Users\pca181\.m2\repository\org\springframework\boot\spring-boot-starter-jdbc\3.1.2\spring-boot-starter-jdbc-3.1.2.jar;C:\Users\pca181\.m2\repository\com\zaxxer\HikariCP\5.0.1\HikariCP-5.0.1.jar;C:\Users\pca181\.m2\repository\org\springframework\spring-jdbc\6.0.11\spring-jdbc-6.0.11.jar;C:\Users\pca181\.m2\repository\org\hibernate\orm\hibernate-core\6.2.6.Final\hibernate-core-6.2.6.Final.jar;C:\Users\pca181\.m2\repository\jakarta\persistence\jakarta.persistence-api\3.1.0\jakarta.persistence-api-3.1.0.jar;C:\Users\pca181\.m2\repository\jakarta\transaction\jakarta.transaction-api\2.0.1\jakarta.transaction-api-2.0.1.jar;C:\Users\pca181\.m2\repository\org\jboss\logging\jboss-logging\3.5.3.Final\jboss-logging-3.5.3.Final.jar;C:\Users\pca181\.m2\repository\org\hibernate\common\hibernate-commons-annotations\6.0.6.Final\hibernate-commons-annotations-6.0.6.Final.jar;C:\Users\pca181\.m2\repository\io\smallrye\jandex\3.0.5\jandex-3.0.5.jar;C:\Users\pca181\.m2\repository\com\fasterxml\classmate\1.5.1\classmate-1.5.1.jar;C:\Users\pca181\.m2\repository\net\bytebuddy\byte-buddy\1.14.5\byte-buddy-1.14.5.jar;C:\Users\pca181\.m2\repository\jakarta\inject\jakarta.inject-api\2.0.1\jakarta.inject-api-2.0.1.jar;C:\Users\pca181\.m2\repository\org\antlr\antlr4-runtime\4.10.1\antlr4-runtime-4.10.1.jar;C:\Users\pca181\.m2\repository\org\springframework\data\spring-data-jpa\3.1.2\spring-data-jpa-3.1.2.jar;C:\Users\pca181\.m2\repository\org\springframework\data\spring-data-commons\3.1.2\spring-data-commons-3.1.2.jar;C:\Users\pca181\.m2\repository\org\springframework\spring-orm\6.0.11\spring-o
Launcher Type: SUN_STANDARD

[Global flags]
     intx CICompilerCount                          = 3                                         {product} {ergonomic}
     uint ConcGCThreads                            = 1                                         {product} {ergonomic}
     uint G1ConcRefinementThreads                  = 4                                         {product} {ergonomic}
   size_t G1HeapRegionSize                         = 2097152                                   {product} {ergonomic}
    uintx GCDrainStackTargetSize                   = 64                                        {product} {ergonomic}
   size_t InitialHeapSize                          = 268435456                                 {product} {ergonomic}
     bool ManagementServer                         = true                                      {product} {command line}
   size_t MarkStackSize                            = 4194304                                   {product} {ergonomic}
   size_t MaxHeapSize                              = 4269801472                                {product} {ergonomic}
   size_t MinHeapDeltaBytes                        = 2097152                                   {product} {ergonomic}
   size_t MinHeapSize                              = 8388608                                   {product} {ergonomic}
    uintx NonProfiledCodeHeapSize                  = 0                                      {pd product} {ergonomic}
     bool ProfileInterpreter                       = false                                  {pd product} {command line}
    uintx ProfiledCodeHeapSize                     = 0                                      {pd product} {ergonomic}
     bool ShowCodeDetailsInExceptionMessages       = true                                   {manageable} {command line}
   size_t SoftMaxHeapSize                          = 4269801472                             {manageable} {ergonomic}
     intx TieredStopAtLevel                        = 1                                         {product} {command line}
     bool UseCompressedClassPointers               = true                           {product lp64_product} {ergonomic}
     bool UseCompressedOops                        = true                           {product lp64_product} {ergonomic}
     bool UseG1GC                                  = true                                      {product} {ergonomic}
     bool UseLargePagesIndividualAllocation        = false                                  {pd product} {ergonomic}

Logging:
Log output configuration:
 #0: stdout all=warning uptime,level,tags
 #1: stderr all=off uptime,level,tags

Environment Variables:
PATH=D:/sts-4.17.2.RELEASE//plugins/org.eclipse.justj.openjdk.hotspot.jre.full.win32.x86_64_17.0.6.v20230125-1136/jre/bin/server;D:/sts-4.17.2.RELEASE//plugins/org.eclipse.justj.openjdk.hotspot.jre.full.win32.x86_64_17.0.6.v20230125-1136/jre/bin;C:\Python311\Scripts\;C:\Python311\;C:\Program Files (x86)\Common Files\Oracle\Java\javapath;C:\WINDOWS\system32;C:\WINDOWS;C:\WINDOWS\System32\Wbem;C:\WINDOWS\System32\WindowsPowerShell\v1.0\;C:\Program Files\TortoiseSVN\bin;C:\Program Files\Git\cmd;C:\WINDOWS\System32\OpenSSH\;C:\Program Files (x86)\AOMEI\AOMEI Backupper\6.8.0;C:\Program Files\nodejs\;C:\ProgramData\chocolatey\bin;;C:\Program Files\Docker\Docker\resources\bin;C:\Program Files\MySQL\MySQL Shell 8.0\bin\;C:\Users\pca181\AppData\Local\Microsoft\WindowsApps;;C:\Users\pca181\AppData\Roaming\npm;C:\Users\pca181\AppData\Local\Programs\Microsoft VS Code\bin;D:\sts-4.17.2.RELEASE;
USERNAME=PCA181
OS=Windows_NT
PROCESSOR_IDENTIFIER=Intel64 Family 6 Model 60 Stepping 3, GenuineIntel
TMP=C:\Users\pca181\AppData\Local\Temp
TEMP=C:\Users\pca181\AppData\Local\Temp



---------------  S Y S T E M  ---------------

OS:
 Windows 11 , 64 bit Build 22000 (10.0.22000.120)
OS uptime: 6 days 18:11 hours
Hyper-V role detected

CPU: total 4 (initial active 4) (4 cores per cpu, 1 threads per core) family 6 model 60 stepping 3 microcode 0x28, cx8, cmov, fxsr, mmx, sse, sse2, sse3, ssse3, sse4.1, sse4.2, popcnt, lzcnt, tsc, tscinvbit, avx, avx2, aes, erms, clmul, bmi1, bmi2, fma, vzeroupper, clflush, hv

Memory: 4k page, system-wide physical 16283M (1419M free)
TotalPageFile size 37471M (AvailPageFile size 57M)
current process WorkingSet (physical memory assigned to process): 10M, peak: 10M
current process commit charge ("private bytes"): 47M, peak: 302M

vm_info: OpenJDK 64-Bit Server VM (17.0.6+10) for windows-amd64 JRE (17.0.6+10), built on Jan 18 2023 10:08:59 by "temurin" with MS VC++ 16.7 (VS2019)

END.
